<?xml version="1.0" encoding="UTF-8"?>
<!-- Generated by org.testng.reporters.JUnitReportReporter -->
<testsuite hostname="INNO2-23757D" name="DemoBlaze.DemoBlaze.BlazeTests" tests="1" failures="0" timestamp="16 Oct 2020 05:14:53 GMT" time="23.724" errors="0">
  <testcase name="AddToCartSony" time="23.724" classname="DemoBlaze.DemoBlaze.BlazeTests"/>
</testsuite> <!-- DemoBlaze.DemoBlaze.BlazeTests -->
